<component name="libraryTable">
  <library name="junit-jupiter-params-5.5.1">
    <CLASSES>
      <root url="jar://$PROJECT_DIR$/../../Eclipse_Workspace/junit-jupiter-params-5.5.1.jar!/" />
    </CLASSES>
    <JAVADOC />
    <SOURCES />
  </library>
</component>